
Showing logs for build [32mgitops-unbxd-environment-raptor-1[0m stage [32mmeta-pipeline[0m and container [32mstep-credential-initializer-fjgws[0m
{"level":"warn","ts":1568875349.8889585,"logger":"fallback-logger","caller":"logging/config.go:69","msg":"Fetch GitHub commit ID from kodata failed: \"ref: refs/heads/master\" is not a valid GitHub commit ID"}
{"level":"info","ts":1568875349.8892438,"logger":"fallback-logger","caller":"creds-init/main.go:40","msg":"Credentials initialized."}

Showing logs for build [32mgitops-unbxd-environment-raptor-1[0m stage [32mmeta-pipeline[0m and container [32mstep-working-dir-initializer-tr2zg[0m
{"level":"warn","ts":1568875350.8396244,"logger":"fallback-logger","caller":"logging/config.go:69","msg":"Fetch GitHub commit ID from kodata failed: open /var/run/ko/HEAD: no such file or directory"}
{"level":"info","ts":1568875350.8408039,"logger":"fallback-logger","caller":"bash/main.go:65","msg":"Successfully executed command \"mkdir -p /workspace/source\""}

Showing logs for build [32mgitops-unbxd-environment-raptor-1[0m stage [32mmeta-pipeline[0m and container [32mstep-place-tools[0m

Showing logs for build [32mgitops-unbxd-environment-raptor-1[0m stage [32mmeta-pipeline[0m and container [32mstep-git-source-meta-gitops-unbxd-environment-r-v8lk2[0m
{"level":"warn","ts":1568875356.8879974,"logger":"fallback-logger","caller":"logging/config.go:69","msg":"Fetch GitHub commit ID from kodata failed: \"ref: refs/heads/master\" is not a valid GitHub commit ID"}
{"level":"info","ts":1568875357.143648,"logger":"fallback-logger","caller":"git/git.go:102","msg":"Successfully cloned https://github.com/************/environment-raptorbog-staging.git @ efb29e3bf7aedf1bc0c7d6179a2ced1ae267190a in path /workspace/source"}

Showing logs for build [32mgitops-unbxd-environment-raptor-1[0m stage [32mmeta-pipeline[0m and container [32mstep-git-merge[0m
Using SHAs from PULL_REFS=master:efb29e3bf7aedf1bc0c7d6179a2ced1ae267190a,1:991ae56db3375d7b47cb254cb0f974c3df933294
DEBUG: ran git fetch --unshallow origin 991ae56db3375d7b47cb254cb0f974c3df933294: efb29e3bf7aedf1bc0c7d6179a2ced1ae267190a: in 
DEBUG: ran git checkout master in 
DEBUG: ran git reset --hard efb29e3bf7aedf1bc0c7d6179a2ced1ae267190a in 
DEBUG: ran clean --force -d . in 
DEBUG: ran git merge 991ae56db3375d7b47cb254cb0f974c3df933294 in 
Merged SHA 991ae56db3375d7b47cb254cb0f974c3df933294 with commit message 'chore: Promote prowstart to version 0.0.2' into base branch master

Showing logs for build [32mgitops-unbxd-environment-raptor-1[0m stage [32mmeta-pipeline[0m and container [32mstep-merge-pull-refs[0m
DEBUG: ran git fetch origin 991ae56db3375d7b47cb254cb0f974c3df933294: efb29e3bf7aedf1bc0c7d6179a2ced1ae267190a: in 
DEBUG: Unshallowed git repo in 
DEBUG: ran git checkout master in 
DEBUG: ran git reset --hard efb29e3bf7aedf1bc0c7d6179a2ced1ae267190a in 
DEBUG: ran clean --force -d . in 
DEBUG: ran git merge 991ae56db3375d7b47cb254cb0f974c3df933294 in 
Merged SHA 991ae56db3375d7b47cb254cb0f974c3df933294 with commit message 'chore: Promote prowstart to version 0.0.2' into base branch master

Showing logs for build [32mgitops-unbxd-environment-raptor-1[0m stage [32mmeta-pipeline[0m and container [32mstep-create-effective-pipeline[0m
Deleting and cloning the Jenkins X versions repo
Cloning the Jenkins X versions repo https://github.com/jenkins-x/jenkins-x-versions.git with ref refs/heads/master to /builder/home/.**/jenkins-x-versions
selected pack: /builder/home/.**/draft/packs/github.com/jenkins-x-buildpacks/jenkins-x-kubernetes/packs/environment
Effective pipeline written to jenkins-x-promotion-build-effective.yml

Showing logs for build [32mgitops-unbxd-environment-raptor-1[0m stage [32mmeta-pipeline[0m and container [32mstep-create-tekton-crds[0m
PipelineActivity for ************-environment-raptorbog-staging-PR-1-1
Applying changes 
upserted PipelineResource ************-environment-raptor for the git repository https://github.com/************/environment-raptorbog-staging.git
upserted Task ************-environment-raptor-from-build-pack-1
upserted Pipeline ************-environment-raptor-1
created PipelineRun ************-environment-raptor-1
created PipelineStructure ************-environment-raptor-1

Showing logs for build [32mgitops-unbxd-environment-raptor-1[0m stage [32mfrom-build-pack[0m and container [32mstep-credential-initializer-z8n4z[0m
{"level":"warn","ts":1568875364.6406205,"logger":"fallback-logger","caller":"logging/config.go:69","msg":"Fetch GitHub commit ID from kodata failed: \"ref: refs/heads/master\" is not a valid GitHub commit ID"}
{"level":"info","ts":1568875364.6409082,"logger":"fallback-logger","caller":"creds-init/main.go:40","msg":"Credentials initialized."}

Showing logs for build [32mgitops-unbxd-environment-raptor-1[0m stage [32mfrom-build-pack[0m and container [32mstep-working-dir-initializer-qfphn[0m
{"level":"warn","ts":1568875365.1800952,"logger":"fallback-logger","caller":"logging/config.go:69","msg":"Fetch GitHub commit ID from kodata failed: open /var/run/ko/HEAD: no such file or directory"}
{"level":"info","ts":1568875365.1812522,"logger":"fallback-logger","caller":"bash/main.go:65","msg":"Successfully executed command \"mkdir -p /workspace/source /workspace/source/env\""}

Showing logs for build [32mgitops-unbxd-environment-raptor-1[0m stage [32mfrom-build-pack[0m and container [32mstep-place-tools[0m

Showing logs for build [32mgitops-unbxd-environment-raptor-1[0m stage [32mfrom-build-pack[0m and container [32mstep-git-source-gitops-unbxd-environment-raptor-zmh2d[0m
{"level":"warn","ts":1568875371.2237184,"logger":"fallback-logger","caller":"logging/config.go:69","msg":"Fetch GitHub commit ID from kodata failed: \"ref: refs/heads/master\" is not a valid GitHub commit ID"}
{"level":"info","ts":1568875371.4629607,"logger":"fallback-logger","caller":"git/git.go:102","msg":"Successfully cloned https://github.com/************/environment-raptorbog-staging.git @ master in path /workspace/source"}

Showing logs for build [32mgitops-unbxd-environment-raptor-1[0m stage [32mfrom-build-pack[0m and container [32mstep-git-merge[0m
Using SHAs from PULL_REFS=master:efb29e3bf7aedf1bc0c7d6179a2ced1ae267190a,1:991ae56db3375d7b47cb254cb0f974c3df933294
DEBUG: ran git fetch --unshallow origin 991ae56db3375d7b47cb254cb0f974c3df933294: efb29e3bf7aedf1bc0c7d6179a2ced1ae267190a: in 
DEBUG: ran git checkout master in 
DEBUG: ran git reset --hard efb29e3bf7aedf1bc0c7d6179a2ced1ae267190a in 
DEBUG: ran clean --force -d . in 
DEBUG: ran git merge 991ae56db3375d7b47cb254cb0f974c3df933294 in 
Merged SHA 991ae56db3375d7b47cb254cb0f974c3df933294 with commit message 'chore: Promote prowstart to version 0.0.2' into base branch master

Showing logs for build [32mgitops-unbxd-environment-raptor-1[0m stage [32mfrom-build-pack[0m and container [32mstep-build-helm-build[0m
WARNING: No $CHART_REPOSITORY defined so using the default value of: http://jenkins-x-chartmuseum:8080
Adding missing Helm repo: storage.googleapis.com https://storage.googleapis.com/chartmuseum.jenkins-x.io
Successfully added Helm repository storage.googleapis.com.
Adding missing Helm repo: jenkins-x-chartmuseum http://jenkins-x-chartmuseum:8080
Successfully added Helm repository jenkins-x-chartmuseum.
WARNING: No $CHART_REPOSITORY defined so using the default value of: http://jenkins-x-chartmuseum:8080
Adding missing Helm repo: chartmuseum.jenkins-x.io http://chartmuseum.jenkins-x.io
Successfully added Helm repository chartmuseum.jenkins-x.io.
